<?xml version="1.0" encoding="UTF-8"?>
<!-- Generated by org.testng.reporters.JUnitReportReporter -->
<testsuite hostname="Nav" failures="0" tests="11" name="com.NavjotSingh.TestingPurchase.TestingLogInFunctionality" time="17.320" errors="0" timestamp="2022-12-12T12:59:41 EST" skipped="0">
  <testcase classname="com.NavjotSingh.TestingPurchase.TestingLogInFunctionality" name="validatingLoginFunctionality" time="0.784"/>
  <system-out/>
  <testcase classname="com.NavjotSingh.TestingPurchase.TestingLogInFunctionality" name="validatingPhonesAndPdaPage" time="0.920"/>
  <system-out/>
  <testcase classname="com.NavjotSingh.TestingPurchase.TestingLogInFunctionality" name="validatingHTCPage" time="1.226"/>
  <system-out/>
  <testcase classname="com.NavjotSingh.TestingPurchase.TestingLogInFunctionality" name="validatingProductAddedToCart" time="5.058"/>
  <system-out/>
  <testcase classname="com.NavjotSingh.TestingPurchase.TestingLogInFunctionality" name="validatingCheckoutPage" time="0.434"/>
  <system-out/>
  <testcase classname="com.NavjotSingh.TestingPurchase.TestingLogInFunctionality" name="validatingBillingDetails" time="0.425"/>
  <system-out/>
  <testcase classname="com.NavjotSingh.TestingPurchase.TestingLogInFunctionality" name="validatingDeliveryDetails" time="0.724"/>
  <system-out/>
  <testcase classname="com.NavjotSingh.TestingPurchase.TestingLogInFunctionality" name="validatingDeliveryMethod" time="0.774"/>
  <system-out/>
  <testcase classname="com.NavjotSingh.TestingPurchase.TestingLogInFunctionality" name="validatingPaymentMethod" time="3.879"/>
  <system-out/>
  <testcase classname="com.NavjotSingh.TestingPurchase.TestingLogInFunctionality" name="validatingConfirmOrder" time="3.076"/>
  <system-out/>
  <testcase classname="com.NavjotSingh.TestingPurchase.TestingLogInFunctionality" name="validatingOrderPlaced" time="0.020"/>
  <system-out/>
</testsuite> <!-- com.NavjotSingh.TestingPurchase.TestingLogInFunctionality -->
