<?xml version="1.0" encoding="UTF-8"?>
<!-- Generated by org.testng.reporters.JUnitReportReporter -->
<testsuite hostname="Nav" failures="0" tests="1" name="com.NavjotSingh.AssignmentWeek16.ValidatingPurchase" time="6.668" errors="0" timestamp="2022-12-20T16:58:49 EST" skipped="0">
  <testcase classname="com.NavjotSingh.AssignmentWeek16.ValidatingPurchase" name="validatingPurchase" time="6.668"/>
  <system-out/>
</testsuite> <!-- com.NavjotSingh.AssignmentWeek16.ValidatingPurchase -->
