<?xml version="1.0" encoding="UTF-8"?>
<!-- Generated by org.testng.reporters.JUnitReportReporter -->
<testsuite hostname="Nav" failures="0" tests="1" name="com.NavjotSingh.AssignmentWeek16.ValidatingWebPages" time="12.902" errors="0" timestamp="2022-12-20T13:08:40 EST" skipped="0">
  <testcase classname="com.NavjotSingh.AssignmentWeek16.ValidatingWebPages" name="validatingPurchase" time="12.902"/>
  <system-out/>
</testsuite> <!-- com.NavjotSingh.AssignmentWeek16.ValidatingWebPages -->
