<?xml version="1.0" encoding="UTF-8"?>
<!-- Generated by org.testng.reporters.JUnitReportReporter -->
<testsuite hostname="Nav" failures="0" tests="1" name="com.NavjotSingh.TestingPurchase.TestingSignUpFunctionality" time="12.969" errors="0" timestamp="2022-12-20T13:04:22 EST" skipped="0">
  <testcase classname="com.NavjotSingh.TestingPurchase.TestingSignUpFunctionality" name="VerifyingSignUpFunctionality" time="12.969"/>
  <system-out/>
</testsuite> <!-- com.NavjotSingh.TestingPurchase.TestingSignUpFunctionality -->
