<?xml version="1.0" encoding="UTF-8"?>
<!-- Generated by org.testng.reporters.JUnitReportReporter -->
<testsuite hostname="Nav" failures="0" tests="1" name="com.NavjotSingh.AssignmentWeek16.ValidatingWebPagesTiltes" time="13.726" errors="0" timestamp="2022-12-20T16:39:31 EST" skipped="0">
  <testcase classname="com.NavjotSingh.AssignmentWeek16.ValidatingWebPagesTiltes" name="validatingPurchase" time="13.726"/>
  <system-out/>
</testsuite> <!-- com.NavjotSingh.AssignmentWeek16.ValidatingWebPagesTiltes -->
