<?xml version="1.0" encoding="UTF-8"?>
<!-- Generated by org.testng.reporters.JUnitReportReporter -->
<testsuite hostname="Nav" failures="0" tests="1" name="com.NavjotSingh.TestingPurchase.TestingSignUpFunctionality" time="8.141" errors="0" timestamp="2022-12-12T13:27:12 EST" skipped="0">
  <testcase classname="com.NavjotSingh.TestingPurchase.TestingSignUpFunctionality" name="VerifyingSignUpFunctionality" time="8.141"/>
  <system-out/>
</testsuite> <!-- com.NavjotSingh.TestingPurchase.TestingSignUpFunctionality -->
