<?xml version="1.0" encoding="UTF-8"?>
<!-- Generated by org.testng.reporters.JUnitReportReporter -->
<testsuite hostname="Nav" failures="0" tests="1" name="com.NavjotSingh.AssignmentWeek16.ValidatingMultipleWindowTitlesV2" time="7.886" errors="0" timestamp="2022-12-20T15:24:40 EST" skipped="0">
  <testcase classname="com.NavjotSingh.AssignmentWeek16.ValidatingMultipleWindowTitlesV2" name="validatingPurchase" time="7.886"/>
  <system-out/>
</testsuite> <!-- com.NavjotSingh.AssignmentWeek16.ValidatingMultipleWindowTitlesV2 -->
