<?xml version="1.0" encoding="UTF-8"?>
<!-- Generated by org.testng.reporters.JUnitReportReporter -->
<testsuite hostname="Nav" failures="0" tests="1" name="com.NavjotSingh.TestingPurchase.TabExample" time="5.153" errors="0" timestamp="2022-12-18T20:25:26 EST" skipped="0">
  <testcase classname="com.NavjotSingh.TestingPurchase.TabExample" name="validatingTabExample" time="5.153"/>
  <system-out/>
</testsuite> <!-- com.NavjotSingh.TestingPurchase.TabExample -->
