<?xml version="1.0" encoding="UTF-8"?>
<!-- Generated by org.testng.reporters.JUnitReportReporter -->
<testsuite hostname="Nav" failures="0" tests="1" name="com.NavjotSingh.AssignmentWeek16.ValidatingMultipleWindowTitles" time="7.456" errors="0" timestamp="2022-12-20T16:19:21 EST" skipped="0">
  <testcase classname="com.NavjotSingh.AssignmentWeek16.ValidatingMultipleWindowTitles" name="validatingPurchase" time="7.456"/>
  <system-out/>
</testsuite> <!-- com.NavjotSingh.AssignmentWeek16.ValidatingMultipleWindowTitles -->
