<?xml version="1.0" encoding="UTF-8"?>
<!-- Generated by org.testng.reporters.JUnitReportReporter -->
<testsuite hostname="Nav" failures="1" tests="11" name="com.NavjotSingh.TestingPurchase.TestingHTCPhonePurchase" time="18.600" errors="0" timestamp="2022-12-12T17:00:59 EST" skipped="0">
  <testcase classname="com.NavjotSingh.TestingPurchase.TestingHTCPhonePurchase" name="validatingLoginFunctionality" time="0.777"/>
  <system-out/>
  <testcase classname="com.NavjotSingh.TestingPurchase.TestingHTCPhonePurchase" name="validatingPhonesAndPdaPage" time="2.969"/>
  <system-out/>
  <testcase classname="com.NavjotSingh.TestingPurchase.TestingHTCPhonePurchase" name="validatingHTCPage" time="0.005"/>
  <system-out/>
  <testcase classname="com.NavjotSingh.TestingPurchase.TestingHTCPhonePurchase" name="validatingProductAddedToCart" time="5.064">
    <failure message="Product Not Added to Cart expected [1 item(s) - $100.00] but found [1 item(s) - $122.00]" type="java.lang.AssertionError">
      <![CDATA[java.lang.AssertionError: Product Not Added to Cart expected [1 item(s) - $100.00] but found [1 item(s) - $122.00]
at org.testng.Assert.fail(Assert.java:99)
at org.testng.Assert.failNotEquals(Assert.java:1037)
at org.testng.Assert.assertEqualsImpl(Assert.java:140)
at org.testng.Assert.assertEquals(Assert.java:122)
at org.testng.Assert.assertEquals(Assert.java:629)
at com.NavjotSingh.TestingPurchase.TestingHTCPhonePurchase.validatingProductAddedToCart(TestingHTCPhonePurchase.java:58)
at java.base/jdk.internal.reflect.NativeMethodAccessorImpl.invoke0(Native Method)
at java.base/jdk.internal.reflect.NativeMethodAccessorImpl.invoke(NativeMethodAccessorImpl.java:77)
at java.base/jdk.internal.reflect.DelegatingMethodAccessorImpl.invoke(DelegatingMethodAccessorImpl.java:43)
at java.base/java.lang.reflect.Method.invoke(Method.java:568)
at org.testng.internal.MethodInvocationHelper.invokeMethod(MethodInvocationHelper.java:133)
at org.testng.internal.TestInvoker.invokeMethod(TestInvoker.java:598)
at org.testng.internal.TestInvoker.invokeTestMethod(TestInvoker.java:173)
at org.testng.internal.MethodRunner.runInSequence(MethodRunner.java:46)
at org.testng.internal.TestInvoker$MethodInvocationAgent.invoke(TestInvoker.java:824)
at org.testng.internal.TestInvoker.invokeTestMethods(TestInvoker.java:146)
at org.testng.internal.TestMethodWorker.invokeTestMethods(TestMethodWorker.java:146)
at org.testng.internal.TestMethodWorker.run(TestMethodWorker.java:128)
at java.base/java.util.ArrayList.forEach(ArrayList.java:1511)
at org.testng.TestRunner.privateRun(TestRunner.java:794)
at org.testng.TestRunner.run(TestRunner.java:596)
at org.testng.SuiteRunner.runTest(SuiteRunner.java:377)
at org.testng.SuiteRunner.runSequentially(SuiteRunner.java:371)
at org.testng.SuiteRunner.privateRun(SuiteRunner.java:332)
at org.testng.SuiteRunner.run(SuiteRunner.java:276)
at org.testng.SuiteRunnerWorker.runSuite(SuiteRunnerWorker.java:53)
at org.testng.SuiteRunnerWorker.run(SuiteRunnerWorker.java:96)
at org.testng.TestNG.runSuitesSequentially(TestNG.java:1212)
at org.testng.TestNG.runSuitesLocally(TestNG.java:1134)
at org.testng.TestNG.runSuites(TestNG.java:1063)
at org.testng.TestNG.run(TestNG.java:1031)
at org.testng.remote.AbstractRemoteTestNG.run(AbstractRemoteTestNG.java:115)
at org.testng.remote.RemoteTestNG.initAndRun(RemoteTestNG.java:251)
at org.testng.remote.RemoteTestNG.main(RemoteTestNG.java:77)
]]>
    </failure>
  </testcase> <!-- validatingProductAddedToCart -->
  <system-out/>
  <testcase classname="com.NavjotSingh.TestingPurchase.TestingHTCPhonePurchase" name="validatingCheckoutPage" time="0.442"/>
  <system-out/>
  <testcase classname="com.NavjotSingh.TestingPurchase.TestingHTCPhonePurchase" name="validatingBillingDetails" time="0.958"/>
  <system-out/>
  <testcase classname="com.NavjotSingh.TestingPurchase.TestingHTCPhonePurchase" name="validatingDeliveryDetails" time="0.681"/>
  <system-out/>
  <testcase classname="com.NavjotSingh.TestingPurchase.TestingHTCPhonePurchase" name="validatingDeliveryMethod" time="0.769"/>
  <system-out/>
  <testcase classname="com.NavjotSingh.TestingPurchase.TestingHTCPhonePurchase" name="validatingPaymentMethod" time="3.840"/>
  <system-out/>
  <testcase classname="com.NavjotSingh.TestingPurchase.TestingHTCPhonePurchase" name="validatingConfirmOrder" time="3.075"/>
  <system-out/>
  <testcase classname="com.NavjotSingh.TestingPurchase.TestingHTCPhonePurchase" name="validatingOrderPlaced" time="0.020"/>
  <system-out/>
</testsuite> <!-- com.NavjotSingh.TestingPurchase.TestingHTCPhonePurchase -->
